This is LuaTeX, Version 1.07.0 (TeX Live 2018)  (format=lualatex 2018.4.16)  23 JAN 2019 13:15
 restricted system commands enabled.
 file:line:error style messages enabled.
**main.tex
(./main.tex
LaTeX2e <2018-04-01> patch level 2
Lua module: luaotfload-main 2017/01/29 2.80001 OpenType layout system.
Lua module: lualibs 2017-02-01 2.5 ConTeXt Lua standard libraries.
Lua module: lualibs-extended 2017-02-01 2.5 ConTeXt Lua libraries -- extended collection.(using write cache: /Users/gabrielperko-engel/Library/texlive/2018/texmf-var/luatex-cache/generic)(using read cache: /usr/local/texlive/2018/texmf-var/luatex-cache/generic /Users/gabrielperko-engel/Library/texlive/2018/texmf-var/luatex-cache/generic)
luaotfload | conf : Root cache directory is /Users/gabrielperko-engel/Library/texlive/2018/texmf-var/luatex-cache/generic/names.
luaotfload | init : Loading fontloader “fontloader-2017-02-11.lua” from kpse-resolved path “/usr/local/texlive/2018/texmf-dist/tex/luatex/luaotfload/fontloader-2017-02-11.lua”.
Lua-only attribute luaotfload@state = 1
Lua-only attribute luaotfload@noligature = 2
Lua-only attribute luaotfload@syllabe = 3
luaotfload | init : Context OpenType loader version “3.027”
Inserting `luaotfload.node_processor' at position 1 in `pre_linebreak_filter'.
Inserting `luaotfload.node_processor' at position 1 in `hpack_filter'.
Inserting `luaotfload.define_font' at position 1 in `define_font'.
Lua-only attribute luaotfload_color_attribute = 4
luaotfload | conf : Root cache directory is /Users/gabrielperko-engel/Library/texlive/2018/texmf-var/luatex-cache/generic/names.
Inserting `luaotfload.aux.set_sscale_dimens' at position 1 in `luaotfload.patch_font'.
Inserting `luaotfload.aux.patch_cambria_domh' at position 2 in `luaotfload.patch_font'.
Inserting `luaotfload.aux.fixup_fontdata' at position 1 in `luaotfload.patch_font_unsafe'.
Inserting `luaotfload.aux.set_capheight' at position 3 in `luaotfload.patch_font'.
Inserting `luaotfload.rewrite_fontname' at position 4 in `luaotfload.patch_font'.
luaotfload | main : initialization completed in 0.182 seconds
Babel <3.18> and hyphenation patterns for 1 language(s) loaded.
(./preamble.tex (/usr/local/texlive/2018/texmf-dist/tex/latex/base/article.cls
Document Class: article 2014/09/29 v1.4h Standard LaTeX document class
(/usr/local/texlive/2018/texmf-dist/tex/latex/base/size11.clo
File: size11.clo 2014/09/29 v1.4h Standard LaTeX file (size option)
luaotfload | db : Font names database loaded from /Users/gabrielperko-engel/Library/texlive/2018/texmf-var/luatex-cache/generic/names/luaotfload-names.luc(load luc: /Users/gabrielperko-engel/Library/texlive/2018/texmf-var/luatex-cache/generic/fonts/otl/lmroman10-regular.luc))
\c@part=\count80
\c@section=\count81
\c@subsection=\count82
\c@subsubsection=\count83
\c@paragraph=\count84
\c@subparagraph=\count85
\c@figure=\count86
\c@table=\count87
\abovecaptionskip=\skip41
\belowcaptionskip=\skip42
\bibindent=\dimen102
) (/usr/local/texlive/2018/texmf-dist/tex/latex/base/inputenc.sty
Package: inputenc 2018/04/06 v1.3b Input encoding file
\inpenc@prehook=\toks14
\inpenc@posthook=\toks15


Package inputenc Warning: inputenc package ignored with utf8 based engines.

) (/usr/local/texlive/2018/texmf-dist/tex/latex/geometry/geometry.sty
Package: geometry 2018/03/24 v5.7 Page Geometry
 (/usr/local/texlive/2018/texmf-dist/tex/latex/graphics/keyval.sty
Package: keyval 2014/10/28 v1.15 key=value parser (DPC)
\KV@toks@=\toks16
) (/usr/local/texlive/2018/texmf-dist/tex/generic/oberdiek/ifpdf.sty
Package: ifpdf 2017/03/15 v3.2 Provides the ifpdf switch
) (/usr/local/texlive/2018/texmf-dist/tex/generic/oberdiek/ifvtex.sty
Package: ifvtex 2016/05/16 v1.6 Detect VTeX and its facilities (HO)
Package ifvtex Info: VTeX not detected.
) (/usr/local/texlive/2018/texmf-dist/tex/generic/ifxetex/ifxetex.sty
Package: ifxetex 2010/09/12 v0.6 Provides ifxetex conditional
)
\Gm@cnth=\count88
\Gm@cntv=\count89
\c@Gm@tempcnt=\count90
\Gm@bindingoffset=\dimen103
\Gm@wd@mp=\dimen104
\Gm@odd@mp=\dimen105
\Gm@even@mp=\dimen106
\Gm@layoutwidth=\dimen107
\Gm@layoutheight=\dimen108
\Gm@layouthoffset=\dimen109
\Gm@layoutvoffset=\dimen110
\Gm@dimlist=\toks17
) (/usr/local/texlive/2018/texmf-dist/tex/latex/xcolor/xcolor.sty
Package: xcolor 2016/05/11 v2.12 LaTeX color extensions (UK)
 (/usr/local/texlive/2018/texmf-dist/tex/latex/graphics-cfg/color.cfg
File: color.cfg 2016/01/02 v1.6 sample color configuration
)
Package xcolor Info: Driver file: luatex.def on input line 225.
 (/usr/local/texlive/2018/texmf-dist/tex/latex/graphics-def/luatex.def
File: luatex.def 2018/01/08 v1.0l Graphics/color driver for luatex
) (/usr/local/texlive/2018/texmf-dist/tex/latex/colortbl/colortbl.sty
Package: colortbl 2012/02/13 v1.0a Color table columns (DPC)
 (/usr/local/texlive/2018/texmf-dist/tex/latex/tools/array.sty
Package: array 2018/04/07 v2.4g Tabular extension package (FMi)
\col@sep=\dimen111
\ar@mcellbox=\box26
\extrarowheight=\dimen112
\NC@list=\toks18
\extratabsurround=\skip43
\backup@length=\skip44
\ar@cellbox=\box27
)
\everycr=\toks19
\minrowclearance=\skip45
)
\rownum=\count91
Package xcolor Info: Model `cmy' substituted by `cmy0' on input line 1348.
Package xcolor Info: Model `hsb' substituted by `rgb' on input line 1352.
Package xcolor Info: Model `RGB' extended on input line 1364.
Package xcolor Info: Model `HTML' substituted by `rgb' on input line 1366.
Package xcolor Info: Model `Hsb' substituted by `hsb' on input line 1367.
Package xcolor Info: Model `tHsb' substituted by `hsb' on input line 1368.
Package xcolor Info: Model `HSB' substituted by `hsb' on input line 1369.
Package xcolor Info: Model `Gray' substituted by `gray' on input line 1370.
Package xcolor Info: Model `wave' substituted by `hsb' on input line 1371.
) (/usr/local/texlive/2018/texmf-dist/tex/latex/fontspec/fontspec.sty (/usr/local/texlive/2018/texmf-dist/tex/latex/l3packages/xparse/xparse.sty (/usr/local/texlive/2018/texmf-dist/tex/latex/l3kernel/expl3.sty
Package: expl3 2018/03/05 L3 programming layer (loader) 
 (/usr/local/texlive/2018/texmf-dist/tex/latex/l3kernel/expl3-code.tex
Package: expl3 2018/03/05 L3 programming layer (code)
\ucharcat@table=\catcodetable5
\c_max_int=\count92
\l_tmpa_int=\count93
\l_tmpb_int=\count94
\g_tmpa_int=\count95
\g_tmpb_int=\count96
\g__intarray_font_int=\count97
\g__prg_map_int=\count98
\c_log_iow=\count99
\l_iow_line_count_int=\count100
\l__iow_line_target_int=\count101
\l__iow_one_indent_int=\count102
\l__iow_indent_int=\count103
\c_zero_dim=\dimen113
\c_max_dim=\dimen114
\l_tmpa_dim=\dimen115
\l_tmpb_dim=\dimen116
\g_tmpa_dim=\dimen117
\g_tmpb_dim=\dimen118
\c_zero_skip=\skip46
\c_max_skip=\skip47
\l_tmpa_skip=\skip48
\l_tmpb_skip=\skip49
\g_tmpa_skip=\skip50
\g_tmpb_skip=\skip51
\c_zero_muskip=\muskip10
\c_max_muskip=\muskip11
\l_tmpa_muskip=\muskip12
\l_tmpb_muskip=\muskip13
\g_tmpa_muskip=\muskip14
\g_tmpb_muskip=\muskip15
\l_keys_choice_int=\count104
\c__fp_leading_shift_int=\count105
\c__fp_middle_shift_int=\count106
\c__fp_trailing_shift_int=\count107
\c__fp_big_leading_shift_int=\count108
\c__fp_big_middle_shift_int=\count109
\c__fp_big_trailing_shift_int=\count110
\c__fp_Bigg_leading_shift_int=\count111
\c__fp_Bigg_middle_shift_int=\count112
\c__fp_Bigg_trailing_shift_int=\count113
\c__fp_rand_size_int=\count114
\c__fp_rand_four_int=\count115
\c__fp_rand_eight_int=\count116
\l__sort_length_int=\count117
\l__sort_min_int=\count118
\l__sort_top_int=\count119
\l__sort_max_int=\count120
\l__sort_true_max_int=\count121
\l__sort_block_int=\count122
\l__sort_begin_int=\count123
\l__sort_end_int=\count124
\l__sort_A_int=\count125
\l__sort_B_int=\count126
\l__sort_C_int=\count127
\l__tl_build_start_index_int=\count128
\l__tl_build_index_int=\count129
\l__tl_analysis_normal_int=\count130
\l__tl_analysis_index_int=\count131
\l__tl_analysis_nesting_int=\count132
\l__tl_analysis_type_int=\count133
\l__regex_internal_a_int=\count134
\l__regex_internal_b_int=\count135
\l__regex_internal_c_int=\count136
\l__regex_balance_int=\count137
\l__regex_group_level_int=\count138
\l__regex_mode_int=\count139
\c__regex_cs_in_class_mode_int=\count140
\c__regex_cs_mode_int=\count141
\l__regex_catcodes_int=\count142
\l__regex_default_catcodes_int=\count143
\c__regex_catcode_L_int=\count144
\c__regex_catcode_O_int=\count145
\c__regex_catcode_A_int=\count146
\c__regex_all_catcodes_int=\count147
\l__regex_show_lines_int=\count148
\l__regex_min_state_int=\count149
\l__regex_max_state_int=\count150
\l__regex_left_state_int=\count151
\l__regex_right_state_int=\count152
\l__regex_capturing_group_int=\count153
\l__regex_min_pos_int=\count154
\l__regex_max_pos_int=\count155
\l__regex_curr_pos_int=\count156
\l__regex_start_pos_int=\count157
\l__regex_success_pos_int=\count158
\l__regex_curr_char_int=\count159
\l__regex_curr_catcode_int=\count160
\l__regex_last_char_int=\count161
\l__regex_case_changed_char_int=\count162
\l__regex_curr_state_int=\count163
\l__regex_step_int=\count164
\l__regex_min_active_int=\count165
\l__regex_max_active_int=\count166
\l__regex_replacement_csnames_int=\count167
\l__regex_match_count_int=\count168
\l__regex_min_submatch_int=\count169
\l__regex_submatch_int=\count170
\l__regex_zeroth_submatch_int=\count171
\g__regex_trace_regex_int=\count172
\c_empty_box=\box28
\l_tmpa_box=\box29
\l_tmpb_box=\box30
\g_tmpa_box=\box31
\g_tmpb_box=\box32
\l__box_top_dim=\dimen119
\l__box_bottom_dim=\dimen120
\l__box_left_dim=\dimen121
\l__box_right_dim=\dimen122
\l__box_top_new_dim=\dimen123
\l__box_bottom_new_dim=\dimen124
\l__box_left_new_dim=\dimen125
\l__box_right_new_dim=\dimen126
\l__box_internal_box=\box33
\l__coffin_internal_box=\box34
\l__coffin_internal_dim=\dimen127
\l__coffin_offset_x_dim=\dimen128
\l__coffin_offset_y_dim=\dimen129
\l__coffin_x_dim=\dimen130
\l__coffin_y_dim=\dimen131
\l__coffin_x_prime_dim=\dimen132
\l__coffin_y_prime_dim=\dimen133
\c_empty_coffin=\box35
\l__coffin_aligned_coffin=\box36
\l__coffin_aligned_internal_coffin=\box37
\l_tmpa_coffin=\box38
\l_tmpb_coffin=\box39
\l__coffin_display_coffin=\box40
\l__coffin_display_coord_coffin=\box41
\l__coffin_display_pole_coffin=\box42
\l__coffin_display_offset_dim=\dimen134
\l__coffin_display_x_dim=\dimen135
\l__coffin_display_y_dim=\dimen136
\l__coffin_bounding_shift_dim=\dimen137
\l__coffin_left_corner_dim=\dimen138
\l__coffin_right_corner_dim=\dimen139
\l__coffin_bottom_corner_dim=\dimen140
\l__coffin_top_corner_dim=\dimen141
\l__coffin_scaled_total_height_dim=\dimen142
\l__coffin_scaled_width_dim=\dimen143
)
(/usr/local/texlive/2018/texmf-dist/tex/latex/l3kernel/l3pdfmode.def
File: l3pdfmode.def 2017/03/18 v L3 Experimental driver: PDF mode
\l__driver_color_stack_int=\count173
))
Package: xparse 2018/02/21 L3 Experimental document command parser
\l__xparse_current_arg_int=\count174
\g__xparse_grabber_int=\count175
\l__xparse_m_args_int=\count176
\l__xparse_mandatory_args_int=\count177
\l__xparse_v_nesting_int=\count178
)
Package: fontspec 2017/11/09 v2.6g Font selection for XeLaTeX and LuaLaTeX
Lua module: fontspec 2017/11/09 2.6g Font selection for XeLaTeX and LuaLaTeX (/usr/local/texlive/2018/texmf-dist/tex/latex/fontspec/fontspec-luatex.sty
Package: fontspec-luatex 2017/11/09 v2.6g Font selection for XeLaTeX and LuaLaTeX
\l__fontspec_script_int=\count179
\l__fontspec_language_int=\count180
\l__fontspec_strnum_int=\count181
\l__fontspec_tmp_int=\count182
\l__fontspec_em_int=\count183
\l__fontspec_emdef_int=\count184
\l__fontspec_strong_int=\count185
\l__fontspec_strongdef_int=\count186
\l__fontspec_tmpa_dim=\dimen144
\l__fontspec_tmpb_dim=\dimen145
\l__fontspec_tmpc_dim=\dimen146
\g__file_internal_ior=\read1
 (/usr/local/texlive/2018/texmf-dist/tex/latex/base/fontenc.sty
Package: fontenc 2017/04/05 v2.0i Standard LaTeX package
 (/usr/local/texlive/2018/texmf-dist/tex/latex/base/tuenc.def
File: tuenc.def 2017/04/05 v2.0i Standard LaTeX file
LaTeX Font Info:    Redeclaring font encoding TU on input line 82.
))
.................................................
. LaTeX info: "xparse/define-command"
. 
. Defining command \fontspec with sig. 'O{}mO{}' on line 545.
.................................................
.................................................
. LaTeX info: "xparse/define-command"
. 
. Defining command \setmainfont with sig. 'O{}mO{}' on line 549.
.................................................
.................................................
. LaTeX info: "xparse/define-command"
. 
. Defining command \setsansfont with sig. 'O{}mO{}' on line 553.
.................................................
.................................................
. LaTeX info: "xparse/define-command"
. 
. Defining command \setmonofont with sig. 'O{}mO{}' on line 557.
.................................................
.................................................
. LaTeX info: "xparse/define-command"
. 
. Defining command \setmathrm with sig. 'O{}mO{}' on line 561.
.................................................
.................................................
. LaTeX info: "xparse/define-command"
. 
. Defining command \setboldmathrm with sig. 'O{}mO{}' on line 565.
.................................................
.................................................
. LaTeX info: "xparse/define-command"
. 
. Defining command \setmathsf with sig. 'O{}mO{}' on line 569.
.................................................
.................................................
. LaTeX info: "xparse/define-command"
. 
. Defining command \setmathtt with sig. 'O{}mO{}' on line 573.
.................................................
.................................................
. LaTeX info: "xparse/define-command"
. 
. Defining command \setromanfont with sig. 'O{}mO{}' on line 577.
.................................................
.................................................
. LaTeX info: "xparse/define-command"
. 
. Defining command \newfontfamily with sig. 'mO{}mO{}' on line 581.
.................................................
.................................................
. LaTeX info: "xparse/define-command"
. 
. Defining command \newfontface with sig. 'mO{}mO{}' on line 585.
.................................................
.................................................
. LaTeX info: "xparse/define-command"
. 
. Defining command \defaultfontfeatures with sig. 't+om' on line 589.
.................................................
.................................................
. LaTeX info: "xparse/define-command"
. 
. Defining command \addfontfeatures with sig. 'm' on line 593.
.................................................
.................................................
. LaTeX info: "xparse/define-command"
. 
. Defining command \addfontfeature with sig. 'm' on line 597.
.................................................
.................................................
. LaTeX info: "xparse/define-command"
. 
. Defining command \newfontfeature with sig. 'mm' on line 601.
.................................................
.................................................
. LaTeX info: "xparse/define-command"
. 
. Defining command \newAATfeature with sig. 'mmmm' on line 605.
.................................................
.................................................
. LaTeX info: "xparse/define-command"
. 
. Defining command \newopentypefeature with sig. 'mmm' on line 609.
.................................................
.................................................
. LaTeX info: "xparse/define-command"
. 
. Defining command \newICUfeature with sig. 'mmm' on line 613.
.................................................
.................................................
. LaTeX info: "xparse/define-command"
. 
. Defining command \aliasfontfeature with sig. 'mm' on line 617.
.................................................
.................................................
. LaTeX info: "xparse/define-command"
. 
. Defining command \aliasfontfeatureoption with sig. 'mmm' on line 621.
.................................................
.................................................
. LaTeX info: "xparse/define-command"
. 
. Defining command \newfontscript with sig. 'mm' on line 625.
.................................................
.................................................
. LaTeX info: "xparse/define-command"
. 
. Defining command \newfontlanguage with sig. 'mm' on line 629.
.................................................
.................................................
. LaTeX info: "xparse/define-command"
. 
. Defining command \DeclareFontsExtensions with sig. 'm' on line 633.
.................................................
.................................................
. LaTeX info: "xparse/define-command"
. 
. Defining command \IfFontFeatureActiveTF with sig. 'mmm' on line 637.
.................................................
.................................................
. LaTeX info: "xparse/define-command"
. 
. Defining command \EncodingCommand with sig. 'mO{}m' on line 3366.
.................................................
.................................................
. LaTeX info: "xparse/define-command"
. 
. Defining command \EncodingAccent with sig. 'mm' on line 3372.
.................................................
.................................................
. LaTeX info: "xparse/define-command"
. 
. Defining command \EncodingSymbol with sig. 'mm' on line 3378.
.................................................
.................................................
. LaTeX info: "xparse/define-command"
. 
. Defining command \EncodingComposite with sig. 'mmm' on line 3384.
.................................................
.................................................
. LaTeX info: "xparse/define-command"
. 
. Defining command \EncodingCompositeCommand with sig. 'mmm' on line 3390.
.................................................
.................................................
. LaTeX info: "xparse/define-command"
. 
. Defining command \DeclareUnicodeEncoding with sig. 'mm' on line 3415.
.................................................
.................................................
. LaTeX info: "xparse/define-command"
. 
. Defining command \UndeclareSymbol with sig. 'm' on line 3421.
.................................................
.................................................
. LaTeX info: "xparse/define-command"
. 
. Defining command \UndeclareAccent with sig. 'm' on line 3427.
.................................................
.................................................
. LaTeX info: "xparse/define-command"
. 
. Defining command \UndeclareCommand with sig. 'm' on line 3433.
.................................................
.................................................
. LaTeX info: "xparse/define-command"
. 
. Defining command \UndeclareComposite with sig. 'mm' on line 3440.
.................................................
 (/usr/local/texlive/2018/texmf-dist/tex/latex/fontspec/fontspec.cfg)
LaTeX Info: Redefining \itshape on input line 3625.
LaTeX Info: Redefining \slshape on input line 3630.
LaTeX Info: Redefining \scshape on input line 3635.
LaTeX Info: Redefining \upshape on input line 3640.
LaTeX Info: Redefining \em on input line 3670.
LaTeX Info: Redefining \emph on input line 3695.
(load luc: /Users/gabrielperko-engel/Library/texlive/2018/texmf-var/luatex-cache/generic/fonts/otl/lmroman10-bold.luc)(load luc: /Users/gabrielperko-engel/Library/texlive/2018/texmf-var/luatex-cache/generic/fonts/otl/lmroman10-italic.luc)
LaTeX Info: Redefining \- on input line 3749.
.................................................
. LaTeX info: "xparse/redefine-command"
. 
. Redefining command \oldstylenums with sig. 'm' on line 3844.
.................................................
.................................................
. LaTeX info: "xparse/define-command"
. 
. Defining command \liningnums with sig. 'm' on line 3848.
.................................................
)) (/usr/local/texlive/2018/texmf-dist/tex/latex/tools/multicol.sty
Package: multicol 2018/04/01 v1.8r multicolumn formatting (FMi)
\c@tracingmulticols=\count187
\mult@box=\box43
\multicol@leftmargin=\dimen147
\c@unbalance=\count188
\c@collectmore=\count189
\doublecol@number=\count190
\multicoltolerance=\count191
\multicolpretolerance=\count192
\full@width=\dimen148
\page@free=\dimen149
\premulticols=\dimen150
\postmulticols=\dimen151
\multicolsep=\skip52
\multicolbaselineskip=\skip53
\partial@page=\box44
\last@line=\box45
\maxbalancingoverflow=\dimen152
\mult@rightbox=\box46
\mult@grightbox=\box47
\mult@gfirstbox=\box48
\mult@firstbox=\box49
\@tempa=\box50
\@tempa=\box51
\@tempa=\box52
\@tempa=\box53
\@tempa=\box54
\@tempa=\box55
\@tempa=\box56
\@tempa=\box57
\@tempa=\box58
\@tempa=\box59
\@tempa=\box60
\@tempa=\box61
\@tempa=\box62
\@tempa=\box63
\@tempa=\box64
\@tempa=\box65
\@tempa=\box66
\c@columnbadness=\count193
\c@finalcolumnbadness=\count194
\last@try=\dimen153
\multicolovershoot=\dimen154
\multicolundershoot=\dimen155
\mult@nat@firstbox=\box67
\colbreak@box=\box68
\mc@col@check@num=\count195
) (/usr/local/texlive/2018/texmf-dist/tex/latex/graphics/graphicx.sty
Package: graphicx 2017/06/01 v1.1a Enhanced LaTeX Graphics (DPC,SPQR)
 (/usr/local/texlive/2018/texmf-dist/tex/latex/graphics/graphics.sty
Package: graphics 2017/06/25 v1.2c Standard LaTeX Graphics (DPC,SPQR)
 (/usr/local/texlive/2018/texmf-dist/tex/latex/graphics/trig.sty
Package: trig 2016/01/03 v1.10 sin cos tan (DPC)
) (/usr/local/texlive/2018/texmf-dist/tex/latex/graphics-cfg/graphics.cfg
File: graphics.cfg 2016/06/04 v1.11 sample graphics configuration
)
Package graphics Info: Driver file: luatex.def on input line 99.
)
\Gin@req@height=\dimen156
\Gin@req@width=\dimen157
) (/usr/local/texlive/2018/texmf-dist/tex/latex/base/fontenc.sty
Package: fontenc 2017/04/05 v2.0i Standard LaTeX package

(/usr/local/texlive/2018/texmf-dist/tex/latex/base/t1enc.def
File: t1enc.def 2017/04/05 v2.0i Standard LaTeX file
LaTeX Font Info:    Redeclaring font encoding T1 on input line 48.
)
LaTeX Font Info:    Try loading font information for T1+lmr on input line 105.
 (/usr/local/texlive/2018/texmf-dist/tex/latex/lm/t1lmr.fd
File: t1lmr.fd 2009/10/30 v1.6 Font defs for Latin Modern
)) (/usr/local/texlive/2018/texmf-dist/tex/latex/contour/contour.sty
Package: contour 2004/11/18 v2.14 Print contoured text (HH, MH)
\con@length=\skip54

Loading configuration file `contour.cfg'.
(/usr/local/texlive/2018/texmf-dist/tex/latex/contour/contour.cfg
File: contour.cfg 2004/11/18 v2.14 Print contoured text (HH, MH)
)
contour: Using driver file `dvips.cnt'.
(/usr/local/texlive/2018/texmf-dist/tex/latex/contour/dvips.cnt
File: dvips.cnt 2004/11/18 v2.14 Print contoured text (HH, MH)
)) (/usr/local/texlive/2018/texmf-dist/tex/latex/titlesec/titlesec.sty
Package: titlesec 2016/03/21 v2.10.2 Sectioning titles
\ttl@box=\box69
\beforetitleunit=\skip55
\aftertitleunit=\skip56
\ttl@plus=\dimen158
\ttl@minus=\dimen159
\ttl@toksa=\toks20
\titlewidth=\dimen160
\titlewidthlast=\dimen161
\titlewidthfirst=\dimen162
) (/usr/local/texlive/2018/texmf-dist/tex/latex/ms/ragged2e.sty
Package: ragged2e 2009/05/21 v2.1 ragged2e Package (MS)
 (/usr/local/texlive/2018/texmf-dist/tex/latex/ms/everysel.sty
Package: everysel 2011/10/28 v1.2 EverySelectfont Package (MS)
)
\CenteringLeftskip=\skip57
\RaggedLeftLeftskip=\skip58
\RaggedRightLeftskip=\skip59
\CenteringRightskip=\skip60
\RaggedLeftRightskip=\skip61
\RaggedRightRightskip=\skip62
\CenteringParfillskip=\skip63
\RaggedLeftParfillskip=\skip64
\RaggedRightParfillskip=\skip65
\JustifyingParfillskip=\skip66
\CenteringParindent=\skip67
\RaggedLeftParindent=\skip68
\RaggedRightParindent=\skip69
\JustifyingParindent=\skip70
) (/usr/local/texlive/2018/texmf-dist/tex/latex/fancyhdr/fancyhdr.sty
Package: fancyhdr 2017/06/30 v3.9a Extensive control of page headers and footers
\f@nch@headwidth=\skip71
\f@nch@O@elh=\skip72
\f@nch@O@erh=\skip73
\f@nch@O@olh=\skip74
\f@nch@O@orh=\skip75
\f@nch@O@elf=\skip76
\f@nch@O@erf=\skip77
\f@nch@O@olf=\skip78
\f@nch@O@orf=\skip79
) (/usr/local/texlive/2018/texmf-dist/tex/latex/lastpage/lastpage.sty
Package: lastpage 2015/03/29 v1.2m Refers to last page's name (HMM; JPG)
) (/usr/local/texlive/2018/texmf-dist/tex/latex/etoolbox/etoolbox.sty
Package: etoolbox 2018/02/11 v2.5e e-TeX tools for LaTeX (JAW)
\etb@tempcnta=\count196
) (/usr/local/texlive/2018/texmf-dist/tex/latex/arydshln/arydshln.sty
Package: arydshln 2016/04/28 v1.73 
\dashlinedash=\dimen163
\dashlinegap=\dimen164
\adl@box=\box70
\adl@height=\dimen165
\adl@heightsave=\dimen166
\adl@depth=\dimen167
\adl@depthsave=\dimen168
\adl@finaldepth=\dimen169
\adl@columns=\count197
\adl@ncol=\count198
\adl@currentcolumn=\count199
\adl@currentcolumnsave=\count266
\adl@totalheight=\count267
\adl@totalheightsave=\count268
\adl@dash=\count269
\adl@gap=\count270
\adl@cla=\count271
\adl@clb=\count272
\adl@everyvbox=\toks21
\adl@LTpagetotal=\dimen170
)
luaotfload | db : Reload initiated (formats: otf,ttf,ttc); reason: "File not found: Main-Regular.".(load luc: /Users/gabrielperko-engel/Library/texlive/2018/texmf-var/luatex-cache/generic/fonts/otl/main-regular.luc)
luaotfload | aux : font no 27 (nil) defines no feature for script latn
luaotfload | aux : no font with id 27
.................................................
. fontspec info: "no-scripts"
. 
. Font "[Main-Regular]" does not contain any OpenType `Script' information.
.................................................
\g__fontspec_family_[Main-Regular.ttf]_int=\count273
luaotfload | aux : font no 27 (nil) does not define feature smcp for script  with language 
luaotfload | aux : no font with id 27(load luc: /Users/gabrielperko-engel/Library/texlive/2018/texmf-var/luatex-cache/generic/fonts/otl/main-bold.luc)
luaotfload | aux : font no 28 (nil) does not define feature smcp for script  with language 
luaotfload | aux : no font with id 28(load luc: /Users/gabrielperko-engel/Library/texlive/2018/texmf-var/luatex-cache/generic/fonts/otl/main-italic.luc)
luaotfload | aux : font no 29 (nil) does not define feature smcp for script  with language 
luaotfload | aux : no font with id 29(load luc: /Users/gabrielperko-engel/Library/texlive/2018/texmf-var/luatex-cache/generic/fonts/otl/main-bolditalic.luc)
luaotfload | aux : font no 30 (nil) does not define feature smcp for script  with language 
luaotfload | aux : no font with id 30
.................................................
. fontspec info: "defining-font"
. 
. Font family '[Main-Regular.ttf](0)' created for font '[Main-Regular.ttf]'
. with options [Ligatures=TeX,BoldFont = [Main-Bold.ttf],ItalicFont =
. [Main-Italic.ttf],BoldItalicFont = [Main-BoldItalic.ttf]].
.  
.  This font family consists of the following NFSS series/shapes:
.  
. - 'normal' (m/n) with NFSS spec.: <->"[Main-Regular].ttf:mode=node;+tlig;"
. - 'small caps'  (m/sc) with NFSS spec.: 
. - 'bold' (bx/n) with NFSS spec.: <->"[Main-Bold].ttf:mode=node;+tlig;"
. - 'bold small caps'  (bx/sc) with NFSS spec.: 
. - 'italic' (m/it) with NFSS spec.: <->"[Main-Italic].ttf:mode=node;+tlig;"
. - 'italic small caps'  (m/itsc) with NFSS spec.: 
. - 'bold italic' (bx/it) with NFSS spec.:
. <->"[Main-BoldItalic].ttf:mode=node;+tlig;"
. - 'bold italic small caps'  (bx/itsc) with NFSS spec.: 
.................................................
LaTeX Info: Redefining \rmfamily on input line 30.
luaotfload | load : font option ".ttf:mode=node" unknown.(load luc: /Users/gabrielperko-engel/Library/texlive/2018/texmf-var/luatex-cache/generic/fonts/otl/headers.luc)
\g__fontspec_family_[Headers.ttf]_int=\count274
luaotfload | aux : font no 32 (nil) does not define feature smcp for script latn with language dflt
luaotfload | aux : no font with id 32
luaotfload | aux : font no 33 (nil) does not define feature smcp for script latn with language dflt
luaotfload | aux : no font with id 33
luaotfload | aux : font no 33 (nil) does not define feature smcp for script latn with language dflt
luaotfload | aux : no font with id 33
luaotfload | aux : font no 33 (nil) does not define feature smcp for script latn with language dflt
luaotfload | aux : no font with id 33
.................................................
. fontspec info: "defining-font"
. 
. Font family '[Headers.ttf](0)' created for font '[Headers.ttf]' with options
. [].
.  
.  This font family consists of the following NFSS series/shapes:
.  
. - 'normal' (m/n) with NFSS spec.:
. <->"[Headers].ttf:mode=node;script=latn;language=DFLT;"
. - 'small caps'  (m/sc) with NFSS spec.: 
. - 'bold' (bx/n) with NFSS spec.:
. <->"[Headers]/B.ttf:mode=node;script=latn;language=DFLT;"
. - 'bold small caps'  (bx/sc) with NFSS spec.: 
. - 'italic' (m/it) with NFSS spec.:
. <->"[Headers]/I.ttf:mode=node;script=latn;language=DFLT;"
. - 'italic small caps'  (m/itsc) with NFSS spec.: 
. - 'bold italic' (bx/it) with NFSS spec.:
. <->"[Headers]/BI.ttf:mode=node;script=latn;language=DFLT;"
. - 'bold italic small caps'  (bx/itsc) with NFSS spec.: 
.................................................
\c@rank=\count275
) (./main.aux)
\openout1 = main.aux

LaTeX Font Info:    Checking defaults for OML/cmm/m/it on input line 3.
LaTeX Font Info:    ... okay on input line 3.
LaTeX Font Info:    Checking defaults for T1/cmr/m/n on input line 3.
LaTeX Font Info:    ... okay on input line 3.
LaTeX Font Info:    Checking defaults for OT1/cmr/m/n on input line 3.
LaTeX Font Info:    ... okay on input line 3.
LaTeX Font Info:    Checking defaults for OMS/cmsy/m/n on input line 3.
LaTeX Font Info:    ... okay on input line 3.
LaTeX Font Info:    Checking defaults for TU/lmr/m/n on input line 3.
LaTeX Font Info:    ... okay on input line 3.
LaTeX Font Info:    Checking defaults for OMX/cmex/m/n on input line 3.
LaTeX Font Info:    ... okay on input line 3.
LaTeX Font Info:    Checking defaults for U/cmr/m/n on input line 3.
LaTeX Font Info:    ... okay on input line 3.

*geometry* driver: auto-detecting
*geometry* detected driver: luatex
*geometry* verbose mode - [ preamble ] result:
* driver: luatex
* paper: <default>
* layout: <same size as paper>
* layoutoffset:(h,v)=(0.0pt,0.0pt)
* modes: 
* h-part:(L,W,R)=(36.135pt, 542.02501pt, 36.135pt)
* v-part:(T,H,B)=(36.135pt, 650.43pt, 108.405pt)
* \paperwidth=614.295pt
* \paperheight=794.96999pt
* \textwidth=542.02501pt
* \textheight=650.43pt
* \oddsidemargin=-36.135pt
* \evensidemargin=-36.135pt
* \topmargin=-73.135pt
* \headheight=12.0pt
* \headsep=25.0pt
* \topskip=11.0pt
* \footskip=72.0pt
* \marginparwidth=59.0pt
* \marginparsep=10.0pt
* \columnsep=10.0pt
* \skip\footins=10.0pt plus 4.0pt minus 2.0pt
* \hoffset=0.0pt
* \voffset=0.0pt
* \mag=1000
* \@twocolumnfalse
* \@twosidefalse
* \@mparswitchfalse
* \@reversemarginfalse
* (1in=72.27pt=25.4mm, 1cm=28.453pt)

(/usr/local/texlive/2018/texmf-dist/tex/context/base/mkii/supp-pdf.mkii
[Loading MPS to PDF converter (version 2006.09.02).]
\scratchcounter=\count276
\scratchdimen=\dimen171
\scratchbox=\box71
\nofMPsegments=\count277
\nofMParguments=\count278
\everyMPshowfont=\toks22
\MPscratchCnt=\count279
\MPscratchDim=\dimen172
\MPnumerator=\count280
\makeMPintoPDFobject=\count281
\everyMPtoPDFconversion=\toks23
) (/usr/local/texlive/2018/texmf-dist/tex/latex/oberdiek/epstopdf-base.sty
Package: epstopdf-base 2016/05/15 v2.6 Base part for package epstopdf
 (/usr/local/texlive/2018/texmf-dist/tex/generic/oberdiek/infwarerr.sty
Package: infwarerr 2016/05/16 v1.4 Providing info/warning/error messages (HO)
) (/usr/local/texlive/2018/texmf-dist/tex/latex/oberdiek/grfext.sty
Package: grfext 2016/05/16 v1.2 Manage graphics extensions (HO)
 (/usr/local/texlive/2018/texmf-dist/tex/generic/oberdiek/kvdefinekeys.sty
Package: kvdefinekeys 2016/05/16 v1.4 Define keys (HO)
 (/usr/local/texlive/2018/texmf-dist/tex/generic/oberdiek/ltxcmds.sty
Package: ltxcmds 2016/05/16 v1.23 LaTeX kernel commands for general use (HO)
))) (/usr/local/texlive/2018/texmf-dist/tex/latex/oberdiek/kvoptions.sty
Package: kvoptions 2016/05/16 v3.12 Key value format for package options (HO)
 (/usr/local/texlive/2018/texmf-dist/tex/generic/oberdiek/kvsetkeys.sty
Package: kvsetkeys 2016/05/16 v1.17 Key value parser (HO)
 (/usr/local/texlive/2018/texmf-dist/tex/generic/oberdiek/etexcmds.sty
Package: etexcmds 2016/05/16 v1.6 Avoid name clashes with e-TeX commands (HO)
 (/usr/local/texlive/2018/texmf-dist/tex/generic/oberdiek/ifluatex.sty
Package: ifluatex 2016/05/16 v1.4 Provides the ifluatex switch (HO)
Package ifluatex Info: LuaTeX detected.
)))) (/usr/local/texlive/2018/texmf-dist/tex/generic/oberdiek/pdftexcmds.sty
Package: pdftexcmds 2018/01/30 v0.27 Utility functions of pdfTeX for LuaTeX (HO)
Package pdftexcmds Info: \pdf@primitive is available.
Package pdftexcmds Info: \pdf@ifprimitive is available.
Package pdftexcmds Info: \pdfdraftmode found.
\pdftexcmds@toks=\toks24
)
Package epstopdf-base Info: Redefining graphics rule for `.eps' on input line 438.
Package grfext Info: Graphics extension search list:
(grfext)             [.pdf,.png,.jpg,.mps,.jpeg,.jbig2,.jb2,.PDF,.PNG,.JPG,.JPEG,.JBIG2,.JB2,.eps]
(grfext)             \AppendGraphicsExtensions on input line 456.
 (/usr/local/texlive/2018/texmf-dist/tex/latex/latexconfig/epstopdf-sys.cfg
File: epstopdf-sys.cfg 2010/07/13 v1.3 Configuration of (r)epstopdf for TeX Live
))
.................................................
. fontspec info: "setup-math"
. 
. Adjusting the maths setup (use [no-math] to avoid this).
.................................................
\symlegacymaths=\mathgroup4
LaTeX Font Info:    Overwriting symbol font `legacymaths' in version `bold'
(Font)                  OT1/cmr/m/n --> OT1/cmr/bx/n on input line 3.
LaTeX Font Info:    Redeclaring math accent \acute on input line 3.
LaTeX Font Info:    Redeclaring math accent \grave on input line 3.
LaTeX Font Info:    Redeclaring math accent \ddot on input line 3.
LaTeX Font Info:    Redeclaring math accent \tilde on input line 3.
LaTeX Font Info:    Redeclaring math accent \bar on input line 3.
LaTeX Font Info:    Redeclaring math accent \breve on input line 3.
LaTeX Font Info:    Redeclaring math accent \check on input line 3.
LaTeX Font Info:    Redeclaring math accent \hat on input line 3.
LaTeX Font Info:    Redeclaring math accent \dot on input line 3.
LaTeX Font Info:    Redeclaring math accent \mathring on input line 3.
LaTeX Font Info:    Redeclaring math symbol \colon on input line 3.
LaTeX Font Info:    Redeclaring math symbol \Gamma on input line 3.
LaTeX Font Info:    Redeclaring math symbol \Delta on input line 3.
LaTeX Font Info:    Redeclaring math symbol \Theta on input line 3.
LaTeX Font Info:    Redeclaring math symbol \Lambda on input line 3.
LaTeX Font Info:    Redeclaring math symbol \Xi on input line 3.
LaTeX Font Info:    Redeclaring math symbol \Pi on input line 3.
LaTeX Font Info:    Redeclaring math symbol \Sigma on input line 3.
LaTeX Font Info:    Redeclaring math symbol \Upsilon on input line 3.
LaTeX Font Info:    Redeclaring math symbol \Phi on input line 3.
LaTeX Font Info:    Redeclaring math symbol \Psi on input line 3.
LaTeX Font Info:    Redeclaring math symbol \Omega on input line 3.
LaTeX Font Info:    Redeclaring math symbol \mathdollar on input line 3.
LaTeX Font Info:    Redeclaring symbol font `operators' on input line 3.
LaTeX Font Info:    Encoding `OT1' has changed to `TU' for symbol font
(Font)              `operators' in the math version `normal' on input line 3.
LaTeX Font Info:    Overwriting symbol font `operators' in version `normal'
(Font)                  OT1/cmr/m/n --> TU/[Main-Regular.ttf](0)/m/n on input line 3.
LaTeX Font Info:    Encoding `OT1' has changed to `TU' for symbol font
(Font)              `operators' in the math version `bold' on input line 3.
LaTeX Font Info:    Overwriting symbol font `operators' in version `bold'
(Font)                  OT1/cmr/bx/n --> TU/[Main-Regular.ttf](0)/m/n on input line 3.
LaTeX Font Info:    Overwriting symbol font `operators' in version `normal'
(Font)                  TU/[Main-Regular.ttf](0)/m/n --> TU/[Main-Regular.ttf](0)/m/n on input line 3.
LaTeX Font Info:    Overwriting math alphabet `\mathit' in version `normal'
(Font)                  OT1/cmr/m/it --> TU/[Main-Regular.ttf](0)/m/it on input line 3.
LaTeX Font Info:    Overwriting math alphabet `\mathbf' in version `normal'
(Font)                  OT1/cmr/bx/n --> TU/[Main-Regular.ttf](0)/bx/n on input line 3.
LaTeX Font Info:    Overwriting math alphabet `\mathsf' in version `normal'
(Font)                  OT1/cmss/m/n --> TU/lmss/m/n on input line 3.
LaTeX Font Info:    Overwriting math alphabet `\mathtt' in version `normal'
(Font)                  OT1/cmtt/m/n --> TU/lmtt/m/n on input line 3.
LaTeX Font Info:    Overwriting symbol font `operators' in version `bold'
(Font)                  TU/[Main-Regular.ttf](0)/m/n --> TU/[Main-Regular.ttf](0)/bx/n on input line 3.
LaTeX Font Info:    Overwriting math alphabet `\mathit' in version `bold'
(Font)                  OT1/cmr/bx/it --> TU/[Main-Regular.ttf](0)/bx/it on input line 3.
LaTeX Font Info:    Overwriting math alphabet `\mathsf' in version `bold'
(Font)                  OT1/cmss/bx/n --> TU/lmss/bx/n on input line 3.
LaTeX Font Info:    Overwriting math alphabet `\mathtt' in version `bold'
(Font)                  OT1/cmtt/m/n --> TU/lmtt/bx/n on input line 3.
 ABD: EverySelectfont initializing macros
LaTeX Info: Redefining \selectfont on input line 3.
Package lastpage Info: Please have a look at the pageslts package at
(lastpage)             https://www.ctan.org/pkg/pageslts
(lastpage)             ! on input line 3.
luaotfload | load : font option ".ttf:mode=node" unknown.
luaotfload | load : font option ".ttf:mode=node" unknown.
contour: Using real outline for `Class Name' on input line 6.

Underfull \hbox (badness 10000) in paragraph at lines 6--7

 []

luaotfload | load : font option ".ttf:mode=node" unknown.
luaotfload | load : font option ".ttf:mode=node" unknown.
LaTeX Font Info:    External font `cmex10' loaded for size
(Font)              <10.95> on input line 14.
LaTeX Font Info:    External font `cmex10' loaded for size
(Font)              <8> on input line 14.
LaTeX Font Info:    External font `cmex10' loaded for size
(Font)              <6> on input line 14.
luaotfload | load : font option ".ttf:mode=node" unknown.
Underfull \hbox (badness 10000) in paragraph at lines 14--14
[]|\TU/[Main-Regular.ttf](0)/bx/n/10.95 Pre-req-ui-
 []


./main.tex:15: LaTeX Error: There's no line here to end.

See the LaTeX manual or LaTeX Companion for explanation.
Type  H <return>  for immediate help.
 ...                                              
                                                  
l.15 
   
Your command was ignored.
Type  I <command> <return>  to replace it with another command,
or  <return>  to continue without it.

<images/placeholderimage.png, id=1, 369.63094pt x 462.97969pt>
File: images/placeholderimage.png Graphic file (type png)
<use images/placeholderimage.png>
Package luatex.def Info: images/placeholderimage.png  used on input line 16.
(luatex.def)             Requested size: 173.09486pt x 216.81pt.
luaotfload | load : font option ".ttf:mode=node" unknown.
contour: Using real outline for `Rank 1\ Abilities' on input line 19.

Underfull \hbox (badness 10000) in paragraph at lines 19--19
|[][][][][][]|
 []

luaotfload | load : font option ".ttf:mode=node" unknown.
contour: Using real outline for `Ability 1' on input line 19.
luaotfload | load : font option ".ttf:mode=node" unknown.
Underfull \hbox (badness 10000) in paragraph at lines 19--19

 []

contour: Using real outline for `Ability 2' on input line 19.

Underfull \hbox (badness 10000) in paragraph at lines 19--19

 []

contour: Using real outline for `Rank 2\ Abilities' on input line 22.

Underfull \hbox (badness 10000) in paragraph at lines 22--22
|[][][][][][]|
 []

contour: Using real outline for `Ability 1' on input line 22.

Underfull \hbox (badness 10000) in paragraph at lines 22--22

 []

contour: Using real outline for `Ability 2' on input line 22.

Underfull \hbox (badness 10000) in paragraph at lines 22--22

 []


AED: lastpage setting LastPage
<images/Logo.png, id=2, 282.3348pt x 136.5903pt>
File: images/Logo.png Graphic file (type png)
<use images/Logo.png>
Package luatex.def Info: images/Logo.png  used on input line 27.
(luatex.def)             Requested size: 74.68912pt x 36.135pt.
[1


Non-PDF special ignored!{/usr/local/texlive/2018/texmf-var/fonts/map/pdftex/updmap/pdftex.map}
Non-PDF special ignored!
Non-PDF special ignored!
Non-PDF special ignored!
Non-PDF special ignored!
Non-PDF special ignored!
Non-PDF special ignored!
Non-PDF special ignored!
Non-PDF special ignored!
Non-PDF special ignored!
Non-PDF special ignored!
Non-PDF special ignored!
Non-PDF special ignored!
Non-PDF special ignored!<./images/placeholderimage.png><./images/Logo.png>] (./main.aux))

Here is how much of LuaTeX's memory you used:
 13932 strings out of 494413
 100000,460012 words of node,token memory allocated
 523 words of node memory still in use:
   4 hlist, 1 vlist, 1 rule, 2 glue, 6 attribute, 72 glue_spec, 6 attribute_list, 2 write nodes
   avail lists: 1:3,2:601,3:299,4:161,5:293,6:111,7:3077,8:303,9:569,10:4,11:192
 17631 multiletter control sequences out of 65536+600000
 51 fonts using 7546183 bytes
 43i,14n,67p,810b,372s stack positions out of 5000i,500n,10000p,200000b,100000s
<./Main-Italic.ttf><./Main-Bold.ttf><./Main-Regular.ttf><./Headers.ttf>
Output written on main.pdf (1 page, 316691 bytes).

PDF statistics: 40 PDF objects out of 1000 (max. 8388607)
 20 compressed objects within 1 object stream
 0 named destinations out of 1000 (max. 131072)
 1 words of extra memory for PDF output out of 10000 (max. 100000000)

